Test project /home/tongyf/Desktop/minnow/build
    Start  1: compile with bug-checkers
1/3 Test  #1: compile with bug-checkers ........   Passed    3.71 sec
    Start 35: net_interface
2/3 Test #35: net_interface ....................   Passed    0.04 sec
    Start 36: router
3/3 Test #36: router ...........................***Failed    0.03 sec
[32;1mConstructing network.[m
DEBUG: Network interface has Ethernet address 02:00:00:8f:4f:1a and IP address 171.67.76.46
DEBUG: Network interface has Ethernet address 02:00:00:a7:af:cf and IP address 10.0.0.1
DEBUG: Network interface has Ethernet address 02:00:00:9e:54:aa and IP address 172.16.0.1
DEBUG: Network interface has Ethernet address 02:00:00:49:23:d9 and IP address 192.168.0.1
DEBUG: Network interface has Ethernet address 02:00:00:98:3d:fb and IP address 198.178.229.1
DEBUG: Network interface has Ethernet address 02:00:00:61:b0:89 and IP address 143.195.0.2
DEBUG: Network interface has Ethernet address 02:00:00:0f:9a:56 and IP address 128.30.76.255
DEBUG: Network interface has Ethernet address 12:c1:fc:95:b6:39 and IP address 10.0.0.2
DEBUG: Network interface has Ethernet address 9a:33:e0:65:b9:68 and IP address 171.67.76.1
DEBUG: Network interface has Ethernet address 36:a1:04:b6:53:2a and IP address 192.168.0.2
DEBUG: Network interface has Ethernet address 06:00:dc:b4:62:73 and IP address 143.195.0.1
DEBUG: Network interface has Ethernet address aa:8f:36:78:4c:e7 and IP address 198.178.229.42
DEBUG: Network interface has Ethernet address f6:e5:bf:9d:a3:6f and IP address 198.178.229.43
DEBUG: adding route 0.0.0.0/0 => 171.67.76.1 on interface 0
DEBUG: adding route 10.0.0.0/8 => (direct) on interface 1
DEBUG: adding route 172.16.0.0/16 => (direct) on interface 2
DEBUG: adding route 192.168.0.0/24 => (direct) on interface 3
DEBUG: adding route 198.178.229.0/24 => (direct) on interface 4
DEBUG: adding route 143.195.0.0/17 => 143.195.0.1 on interface 5
DEBUG: adding route 143.195.128.0/18 => 143.195.0.1 on interface 5
DEBUG: adding route 143.195.192.0/19 => 143.195.0.1 on interface 5
DEBUG: adding route 128.30.76.255/16 => 128.30.0.1 on interface 6
[32;1m

Testing traffic between two ordinary hosts (applesauce to cherrypie)...[m

Host applesauce trying to send datagram (with next hop = 10.0.0.1): IPv4 len=32 protocol=6 ttl=64 src=10.0.0.2 dst=192.168.0.2 payload="Cardinal 454"
Transferring frame from applesauce to eth0: dst=ff:ff:ff:ff:ff:ff src=12:c1:fc:95:b6:39 type=ARP payload: opcode=REQUEST, sender=12:c1:fc:95:b6:39/10.0.0.2, target=00:00:00:00:00:00/10.0.0.1
Transferring frame from eth0 to applesauce: dst=12:c1:fc:95:b6:39 src=02:00:00:a7:af:cf type=ARP payload: opcode=REPLY, sender=02:00:00:a7:af:cf/10.0.0.1, target=12:c1:fc:95:b6:39/10.0.0.2
route:7
0
0
0
0
0
0
0
route:7
0
0
0
0
0
0
0
route:7
0
0
0
0
0
0
0
route:7
0
0
0
0
0
0
0
route:7
0
0
0
0
0
0
0
route:7
0
0
0
0
0
0
0
route:7
0
0
0
0
0
0
0
route:7
0
0
0
0
0
0
0
route:7
0
0
0
0
0
0
0
route:7
0
0
0
0
0
0
0
route:7
0
0
0
0
0
0
0
route:7
0
0
0
0
0
0
0
route:7
0
0
0
0
0
0
0
route:7
0
0
0
0
0
0
0
route:7
0
0
0
0
0
0
0
route:7
0
0
0
0
0
0
0
route:7
0
0
0
0
0
0
0
route:7
0
0
0
0
0
0
0
route:7
0
0
0
0
0
0
0
route:7
0
0
0
0
0
0
0
route:7
0
0
0
0
0
0
0
route:7
0
0
0
0
0
0
0
route:7
0
0
0
0
0
0
0
route:7
0
0
0
0
0
0
0
route:7
0
0
0
0
0
0
0
route:7
0
0
0
0
0
0
0
route:7
0
0
0
0
0
0
0
route:7
0
0
0
0
0
0
0
route:7
0
0
0
0
0
0
0
route:7
0
0
0
0
0
0
0
route:7
0
0
0
0
0
0
0
route:7
0
0
0
0
0
0
0
route:7
0
0
0
0
0
0
0
route:7
0
0
0
0
0
0
0
route:7
0
0
0
0
0
0
0
route:7
0
0
0
0
0
0
0
route:7
0
0
0
0
0
0
0
route:7
0
0
0
0
0
0
0
route:7
0
0
0
0
0
0
0
route:7
0
0
0
0
0
0
0
route:7
0
0
0
0
0
0
0
route:7
0
0
0
0
0
0
0
route:7
0
0
0
0
0
0
0
route:7
0
0
0
0
0
0
0
route:7
0
0
0
0
0
0
0
route:7
0
0
0
0
0
0
0
route:7
0
0
0
0
0
0
0
route:7
0
0
0
0
0
0
0
route:7
0
0
0
0
0
0
0
route:7
0
0
0
0
0
0
0
route:7
0
0
0
0
0
0
0
route:7
0
0
0
0
0
0
0
route:7
0
0
0
0
0
0
0
route:7
0
0
0
0
0
0
0
route:7
0
0
0
0
0
0
0
route:7
0
0
0
0
0
0
0
route:7
0
0
0
0
0
0
0
route:7
0
0
0
0
0
0
0
route:7
0
0
0
0
0
0
0
route:7
0
0
0
0
0
0
0
route:7
0
0
0
0
0
0
0
route:7
0
0
0
0
0
0
0
route:7
0
0
0
0
0
0
0
route:7
0
0
0
0
0
0
0
route:7
0
0
0
0
0
0
0
route:7
0
0
0
0
0
0
0
route:7
0
0
0
0
0
0
0
route:7
0
0
0
0
0
0
0
route:7
0
0
0
0
0
0
0
route:7
0
0
0
0
0
0
0
route:7
0
0
0
0
0
0
0
route:7
0
0
0
0
0
0
0
route:7
0
0
0
0
0
0
0
route:7
0
0
0
0
0
0
0
route:7
0
0
0
0
0
0
0
route:7
0
0
0
0
0
0
0
route:7
0
0
0
0
0
0
0
route:7
0
0
0
0
0
0
0
route:7
0
0
0
0
0
0
0
route:7
0
0
0
0
0
0
0
route:7
0
0
0
0
0
0
0
route:7
0
0
0
0
0
0
0
route:7
0
0
0
0
0
0
0
route:7
0
0
0
0
0
0
0
route:7
0
0
0
0
0
0
0
route:7
0
0
0
0
0
0
0
route:7
0
0
0
0
0
0
0
route:7
0
0
0
0
0
0
0
route:7
0
0
0
0
0
0
0
route:7
0
0
0
0
0
0
0
route:7
0
0
0
0
0
0
0
route:7
0
0
0
0
0
0
0
route:7
0
0
0
0
0
0
0
route:7
0
0
0
0
0
0
0
route:7
0
0
0
0
0
0
0
route:7
0
0
0
0
0
0
0
route:7
0
0
0
0
0
0
0
route:7
0
0
0
0
0
0
0
route:7
0
0
0
0
0
0
0
route:7
0
0
0
0
0
0
0
route:7
0
0
0
0
0
0
0
route:7
0
0
0
0
0
0
0
route:7
0
0
0
0
0
0
0
route:7
0
0
0
0
0
0
0
route:7
0
0
0
0
0
0
0
route:7
0
0
0
0
0
0
0
route:7
0
0
0
0
0
0
0
route:7
0
0
0
0
0
0
0
route:7
0
0
0
0
0
0
0
route:7
0
0
0
0
0
0
0
route:7
0
0
0
0
0
0
0
route:7
0
0
0
0
0
0
0
route:7
0
0
0
0
0
0
0
route:7
0
0
0
0
0
0
0
route:7
0
0
0
0
0
0
0
route:7
0
0
0
0
0
0
0
route:7
0
0
0
0
0
0
0
route:7
0
0
0
0
0
0
0
route:7
0
0
0
0
0
0
0
route:7
0
0
0
0
0
0
0
route:7
0
0
0
0
0
0
0
route:7
0
0
0
0
0
0
0
route:7
0
0
0
0
0
0
0
route:7
0
0
0
0
0
0
0
route:7
0
0
0
0
0
0
0
route:7
0
0
0
0
0
0
0
route:7
0
0
0
0
0
0
0
route:7
0
0
0
0
0
0
0
route:7
0
0
0
0
0
0
0
route:7
0
0
0
0
0
0
0
route:7
0
0
0
0
0
0
0
route:7
0
0
0
0
0
0
0
route:7
0
0
0
0
0
0
0
route:7
0
0
0
0
0
0
0
route:7
0
0
0
0
0
0
0
route:7
0
0
0
0
0
0
0
route:7
0
0
0
0
0
0
0
route:7
0
0
0
0
0
0
0
route:7
0
0
0
0
0
0
0
route:7
0
0
0
0
0
0
0
route:7
0
0
0
0
0
0
0
route:7
0
0
0
0
0
0
0
route:7
0
0
0
0
0
0
0
route:7
0
0
0
0
0
0
0
route:7
0
0
0
0
0
0
0
route:7
0
0
0
0
0
0
0
route:7
0
0
0
0
0
0
0
route:7
0
0
0
0
0
0
0
route:7
0
0
0
0
0
0
0
route:7
0
0
0
0
0
0
0
route:7
0
0
0
0
0
0
0
route:7
0
0
0
0
0
0
0
route:7
0
0
0
0
0
0
0
route:7
0
0
0
0
0
0
0
route:7
0
0
0
0
0
0
0
route:7
0
0
0
0
0
0
0
route:7
0
0
0
0
0
0
0
route:7
0
0
0
0
0
0
0
route:7
0
0
0
0
0
0
0
route:7
0
0
0
0
0
0
0
route:7
0
0
0
0
0
0
0
route:7
0
0
0
0
0
0
0
route:7
0
0
0
0
0
0
0
route:7
0
0
0
0
0
0
0
route:7
0
0
0
0
0
0
0
route:7
0
0
0
0
0
0
0
route:7
0
0
0
0
0
0
0
route:7
0
0
0
0
0
0
0
route:7
0
0
0
0
0
0
0
route:7
0
0
0
0
0
0
0
route:7
0
0
0
0
0
0
0
route:7
0
0
0
0
0
0
0
route:7
0
0
0
0
0
0
0
route:7
0
0
0
0
0
0
0
route:7
0
0
0
0
0
0
0
route:7
0
0
0
0
0
0
0
route:7
0
0
0
0
0
0
0
route:7
0
0
0
0
0
0
0
route:7
0
0
0
0
0
0
0
route:7
0
0
0
0
0
0
0
route:7
0
0
0
0
0
0
0
route:7
0
0
0
0
0
0
0
route:7
0
0
0
0
0
0
0
route:7
0
0
0
0
0
0
0
route:7
0
0
0
0
0
0
0
route:7
0
0
0
0
0
0
0
route:7
0
0
0
0
0
0
0
route:7
0
0
0
0
0
0
0
route:7
0
0
0
0
0
0
0
route:7
0
0
0
0
0
0
0
route:7
0
0
0
0
0
0
0
route:7
0
0
0
0
0
0
0
route:7
0
0
0
0
0
0
0
route:7
0
0
0
0
0
0
0
route:7
0
0
0
0
0
0
0
route:7
0
0
0
0
0
0
0
route:7
0
0
0
0
0
0
0
route:7
0
0
0
0
0
0
0
route:7
0
0
0
0
0
0
0
route:7
0
0
0
0
0
0
0
route:7
0
0
0
0
0
0
0
route:7
0
0
0
0
0
0
0
route:7
0
0
0
0
0
0
0
route:7
0
0
0
0
0
0
0
route:7
0
0
0
0
0
0
0
route:7
0
0
0
0
0
0
0
route:7
0
0
0
0
0
0
0
route:7
0
0
0
0
0
0
0
route:7
0
0
0
0
0
0
0
route:7
0
0
0
0
0
0
0
route:7
0
0
0
0
0
0
0
route:7
0
0
0
0
0
0
0
route:7
0
0
0
0
0
0
0
route:7
0
0
0
0
0
0
0
route:7
0
0
0
0
0
0
0
route:7
0
0
0
0
0
0
0
route:7
0
0
0
0
0
0
0
route:7
0
0
0
0
0
0
0
route:7
0
0
0
0
0
0
0
route:7
0
0
0
0
0
0
0
route:7
0
0
0
0
0
0
0
route:7
0
0
0
0
0
0
0
route:7
0
0
0
0
0
0
0
route:7
0
0
0
0
0
0
0
route:7
0
0
0
0
0
0
0
route:7
0
0
0
0
0
0
0
route:7
0
0
0
0
0
0
0
route:7
0
0
0
0
0
0
0
route:7
0
0
0
0
0
0
0
route:7
0
0
0
0
0
0
0
route:7
0
0
0
0
0
0
0
route:7
0
0
0
0
0
0
0
route:7
0
0
0
0
0
0
0
route:7
0
0
0
0
0
0
0
route:7
0
0
0
0
0
0
0
route:7
0
0
0
0
0
0
0
route:7
0
0
0
0
0
0
0
route:7
0
0
0
0
0
0
0
route:7
0
0
0
0
0
0
0
route:7
0
0
0
0
0
0
0
route:7
0
0
0
0
0
0
0
route:7
0
0
0
0
0
0
0
route:7
0
0
0
0
0
0
0
route:7
0
0
0
0
0
0
0
route:7
0
0
0
0
0
0
0
route:7
0
0
0
0
0
0
0
route:7
0
0
0
0
0
0
0
route:7
0
0
0
0
0
0
0
route:7
0
0
0
0
0
0
0
route:7
0
0
0
0
0
0
0
route:7
0
0
0
0
0
0
0
route:7
0
0
0
0
0
0
0
route:7
0
0
0
0
0
0
0
route:7
0
0
0
0
0
0
0
route:7
0
0
0
0
0
0
0
route:7
0
0
0
0
0
0
0



[31;1mError: Host cherrypie did NOT receive an expected Internet datagram: IPv4 len=32 protocol=6 ttl=63 src=10.0.0.2 dst=192.168.0.2[m


67% tests passed, 1 tests failed out of 3

Total Test time (real) =   3.79 sec

The following tests FAILED:
	 36 - router (Failed)
